<?xml version="1.0" encoding="UTF-8"?>
<testng-results ignored="0" total="1" passed="1" failed="0" skipped="0">
  <reporter-output>
  </reporter-output>
  <suite started-at="2024-12-10T13:13:54 IST" name="Suite" finished-at="2024-12-10T13:14:10 IST" duration-ms="15575">
    <groups>
    </groups>
    <test started-at="2024-12-10T13:13:54 IST" name="Test" finished-at="2024-12-10T13:14:10 IST" duration-ms="15575">
      <class name="testcase.LoginBase">
        <test-method is-config="true" signature="setup()[pri:0, instance:testcase.LoginBase@537f60bf]" started-at="2024-12-10T13:13:54 IST" name="setup" finished-at="2024-12-10T13:14:00 IST" duration-ms="6003" status="PASS">
          <reporter-output>
          </reporter-output>
        </test-method> <!-- setup -->
        <test-method signature="testlogin()[pri:0, instance:testcase.LoginBase@537f60bf]" started-at="2024-12-10T13:14:00 IST" name="testlogin" finished-at="2024-12-10T13:14:04 IST" duration-ms="4295" status="PASS">
          <reporter-output>
          </reporter-output>
        </test-method> <!-- testlogin -->
        <test-method is-config="true" signature="tearDown()[pri:0, instance:testcase.LoginBase@537f60bf]" started-at="2024-12-10T13:14:04 IST" name="tearDown" finished-at="2024-12-10T13:14:10 IST" duration-ms="5226" status="PASS">
          <reporter-output>
          </reporter-output>
        </test-method> <!-- tearDown -->
      </class> <!-- testcase.LoginBase -->
    </test> <!-- Test -->
  </suite> <!-- Suite -->
</testng-results>
