<?xml version="1.0" encoding="UTF-8"?>
<testng-results ignored="0" total="1" passed="1" failed="0" skipped="0">
  <reporter-output>
  </reporter-output>
  <suite started-at="2024-12-10T13:13:30 IST" name="Suite" finished-at="2024-12-10T13:13:43 IST" duration-ms="13436">
    <groups>
    </groups>
    <test started-at="2024-12-10T13:13:30 IST" name="Test" finished-at="2024-12-10T13:13:43 IST" duration-ms="13436">
      <class name="testcase.LoginBase">
        <test-method is-config="true" signature="setup()[pri:0, instance:testcase.LoginBase@25ce9dc4]" started-at="2024-12-10T13:13:30 IST" name="setup" finished-at="2024-12-10T13:13:35 IST" duration-ms="5636" status="PASS">
          <reporter-output>
          </reporter-output>
        </test-method> <!-- setup -->
        <test-method signature="testlogin()[pri:0, instance:testcase.LoginBase@25ce9dc4]" started-at="2024-12-10T13:13:35 IST" name="testlogin" finished-at="2024-12-10T13:13:38 IST" duration-ms="2603" status="PASS">
          <reporter-output>
          </reporter-output>
        </test-method> <!-- testlogin -->
        <test-method is-config="true" signature="tearDown()[pri:0, instance:testcase.LoginBase@25ce9dc4]" started-at="2024-12-10T13:13:38 IST" name="tearDown" finished-at="2024-12-10T13:13:43 IST" duration-ms="5139" status="PASS">
          <reporter-output>
          </reporter-output>
        </test-method> <!-- tearDown -->
      </class> <!-- testcase.LoginBase -->
    </test> <!-- Test -->
  </suite> <!-- Suite -->
</testng-results>
